INFO:root:getting db at /Users/ollieloney/SoccerScores/databases/leagues_db.csv from disk
INFO:root:getting db at /Users/ollieloney/SoccerScores/databases/events_db.csv from disk
INFO:root:getting db at /Users/ollieloney/SoccerScores/databases/league_standings_149.csv from disk
INFO:root:getting db at /Users/ollieloney/SoccerScores/databases/league_standings_177.csv from disk
INFO:root:in update_events_from_fetch data is stale
INFO:root:fetch for https://apiv2.apifootball.com/?action=get_events&from=2019-11-11&to=2019-12-09&APIkey=9fe5c8415f9eda3d0abd11d51578518d6a7c48d172f82abed46bf5bd9fe2479f
DEBUG:urllib3.connectionpool:Starting new HTTPS connection (1): apiv2.apifootball.com:443
DEBUG:urllib3.connectionpool:https://apiv2.apifootball.com:443 "GET /?action=get_events&from=2019-11-11&to=2019-12-09&APIkey=9fe5c8415f9eda3d0abd11d51578518d6a7c48d172f82abed46bf5bd9fe2479f HTTP/1.1" 200 None
INFO:root:writing db to fisk at /Users/ollieloney/SoccerScores/databases/events_db.csv
ERROR:root:error in write_db_to_disk to_csv() got an unexpected keyword argument 'dtype'
INFO:root:in update_leagues_db_from_fetch data is stale
DEBUG:urllib3.connectionpool:Starting new HTTPS connection (1): apiv2.apifootball.com:443
DEBUG:urllib3.connectionpool:https://apiv2.apifootball.com:443 "GET /?action=get_leagues&APIkey=9fe5c8415f9eda3d0abd11d51578518d6a7c48d172f82abed46bf5bd9fe2479f HTTP/1.1" 200 237
INFO:root:writing db to fisk at /Users/ollieloney/SoccerScores/databases/leagues_db.csv
ERROR:root:error in write_db_to_disk to_csv() got an unexpected keyword argument 'dtype'
INFO:root:updating league 149 from fetch
INFO:root:in update_league_db_standings_from_fetch data is stale
INFO:root:fetching from path: https://apiv2.apifootball.com/?action=get_standings&league_id=149&APIkey=9fe5c8415f9eda3d0abd11d51578518d6a7c48d172f82abed46bf5bd9fe2479f
DEBUG:urllib3.connectionpool:Starting new HTTPS connection (1): apiv2.apifootball.com:443
DEBUG:urllib3.connectionpool:https://apiv2.apifootball.com:443 "GET /?action=get_standings&league_id=149&APIkey=9fe5c8415f9eda3d0abd11d51578518d6a7c48d172f82abed46bf5bd9fe2479f HTTP/1.1" 200 None
INFO:root:changed league_db_standings from the fetch for 149
INFO:root:writing db to fisk at /Users/ollieloney/SoccerScores/databases/league_standings_149.csv
ERROR:root:error in write_db_to_disk to_csv() got an unexpected keyword argument 'dtype'
INFO:root:updating league 177 from fetch
INFO:root:in update_league_db_standings_from_fetch data is stale
INFO:root:fetching from path: https://apiv2.apifootball.com/?action=get_standings&league_id=177&APIkey=9fe5c8415f9eda3d0abd11d51578518d6a7c48d172f82abed46bf5bd9fe2479f
DEBUG:urllib3.connectionpool:Starting new HTTPS connection (1): apiv2.apifootball.com:443
DEBUG:urllib3.connectionpool:https://apiv2.apifootball.com:443 "GET /?action=get_standings&league_id=177&APIkey=9fe5c8415f9eda3d0abd11d51578518d6a7c48d172f82abed46bf5bd9fe2479f HTTP/1.1" 200 None
INFO:root:changed league_db_standings from the fetch for 177
INFO:root:writing db to fisk at /Users/ollieloney/SoccerScores/databases/league_standings_177.csv
ERROR:root:error in write_db_to_disk to_csv() got an unexpected keyword argument 'dtype'
INFO:werkzeug: * Running on http://0.0.0.0:5001/ (Press CTRL+C to quit)
